2015-11-06 23:20:24[INFO ][LogoutAction.java:LogoutAction:26]-param: logout
2015-11-06 23:20:24[INFO ][LogoutAction.java:LogoutAction:39]-Invalidating the session
2015-11-06 23:20:24[INFO ][LogoutAction.java:LogoutAction:42]-Redirecting the request to login page
2015-11-06 23:20:31[DEBUG][LoginAction.java:LoginAction:25]-param: login
2015-11-06 23:20:31[DEBUG][LoginAction.java:LoginAction:60]-userName: ChnUser
2015-11-06 23:20:31[DEBUG][LoginAction.java:LoginAction:67]-password: 
2015-11-06 23:20:31[DEBUG][LoginAction.java:LoginAction:71]-Redirecting to customer: ChnUser page
2015-11-06 23:20:31[DEBUG][CreateRequestAction.java:CreateRequestAction:31]-param: init
2015-11-06 23:20:31[DEBUG][CreateRequestAction.java:CreateRequestAction:60]-Redirecting the request to login page
2015-11-06 23:20:31[DEBUG][CreateRequestModel.java:CreateRequestModel:188]-query: SELECT TECH_NAME, tp.latitude, tp.longitude, tp.status FROM CUSTOMER CU, TECH_PERSON TP WHERE cu.tech_name=tp.name AND CU.NAME = 'ChnUser' AND JOBREQUEST = 'Y' AND TP.STATUS IN ('ASSIGNED','ACCEPTED','REACHED','PROGRESS')
2015-11-06 23:20:31[DEBUG][CreateRequestModel.java:CreateRequestModel:211]-Name: Tech16, lattitudeTemp: 13.01447, longitudeTemp: 80.20444, status: ASSIGNED
2015-11-06 23:20:32[DEBUG][CreateRequestAction.java:CreateRequestAction:79]-Exception occurred while redirecting the request to login page, exception: org.apache.jasper.JasperException: org.apache.jasper.JasperException: java.lang.NumberFormatException: null
2015-11-06 23:20:32[DEBUG][CreateRequestAction.java:CreateRequestAction:80]-org.apache.jasper.JasperException: org.apache.jasper.JasperException: java.lang.NumberFormatException: null
2015-11-06 23:20:32[DEBUG][LoginAction.java:LoginAction:84]-Exception occurred while login, exception: java.lang.IllegalStateException: Cannot forward after response has been committed
2015-11-06 23:20:32[DEBUG][LoginAction.java:LoginAction:85]-java.lang.IllegalStateException: Cannot forward after response has been committed
2015-11-06 23:20:37[DEBUG][CreateRequestAction.java:CreateRequestAction:31]-param: create
2015-11-06 23:20:37[DEBUG][CreateRequestAction.java:CreateRequestAction:89]-Redirecting the request to login page
2015-11-06 23:20:37[DEBUG][CreateRequestAction.java:CreateRequestAction:95]-userName: ChnUser
2015-11-06 23:20:37[DEBUG][CreateRequestAction.java:CreateRequestAction:98]-issueName: STB
2015-11-06 23:20:37[DEBUG][CreateRequestModel.java:CreateRequestModel:43]-query: SELECT LATITUDE, LONGITUDE FROM CUSTOMER WHERE NAME='ChnUser'
2015-11-06 23:20:37[DEBUG][CreateRequestModel.java:CreateRequestModel:55]-lattitude: 13.014653, longitude: 80.20394
2015-11-06 23:20:37[DEBUG][CreateRequestModel.java:CreateRequestModel:188]-query: SELECT TECH_NAME, tp.latitude, tp.longitude, tp.status FROM CUSTOMER CU, TECH_PERSON TP WHERE cu.tech_name=tp.name AND CU.NAME = 'ChnUser' AND JOBREQUEST = 'Y' AND TP.STATUS IN ('ASSIGNED','ACCEPTED','REACHED','PROGRESS')
2015-11-06 23:20:37[DEBUG][CreateRequestModel.java:CreateRequestModel:211]-Name: Tech16, lattitudeTemp: 13.01447, longitudeTemp: 80.20444, status: ASSIGNED
2015-11-06 23:20:37[DEBUG][CreateRequestModel.java:CreateRequestModel:148]-query: select NAME, LATITUDE, LONGITUDE, ((6387.7 * ACOS((sin(LATITUDE / 57.29577951) * SIN(13.014653 / 57.29577951)) + (COS(LATITUDE / 57.29577951) * COS(13.014653 / 57.29577951) * COS(80.20394 / 57.29577951 - LONGITUDE/ 57.29577951)))) * 1000) distance  from tech_person where ((6387.7 * ACOS((sin(LATITUDE / 57.29577951) * SIN(13.014653 / 57.29577951)) + (COS(LATITUDE / 57.29577951) * COS(13.014653 / 57.29577951) * COS(80.20394 / 57.29577951 - LONGITUDE/ 57.29577951)))) * 1000) < 10000  AND STATUS in ('ASSIGNED','ACCEPTED','REACHED','PROGRESS') AND USER_NAME='ChnUser' order by distance
2015-11-06 23:20:37[DEBUG][CreateRequestModel.java:CreateRequestModel:169]-Name: Tech16, lattitudeTemp: 13.01447, longitudeTemp: 80.20444, distanceTemp: 5.80169026061327090382853029848192375227E01
2015-11-06 23:20:37[DEBUG][CreateRequestAction.java:CreateRequestAction:126]-technicianLatLongList: [[Ljava.lang.String;@5ebe901]
2015-11-06 23:20:37[DEBUG][CreateRequestAction.java:CreateRequestAction:130]-technicianLatLongListLength: 1
2015-11-06 23:20:37[DEBUG][CreateRequestAction.java:CreateRequestAction:151]-technicianLatLongs: Tech16,13.01447,80.20444,5.80169026061327090382853029848192375227E01
2015-11-06 23:20:39[DEBUG][CreateRequestAction.java:CreateRequestAction:31]-param: ajax
2015-11-06 23:20:39[DEBUG][CreateRequestAction.java:CreateRequestAction:222]-Redirecting the request to ajax page
2015-11-06 23:20:39[DEBUG][CreateRequestAction.java:CreateRequestAction:228]-userName: ChnUser
2015-11-06 23:20:39[DEBUG][CreateRequestAction.java:CreateRequestAction:231]-issueName: null
2015-11-06 23:20:39[DEBUG][CreateRequestModel.java:CreateRequestModel:188]-query: SELECT TECH_NAME, tp.latitude, tp.longitude, tp.status FROM CUSTOMER CU, TECH_PERSON TP WHERE cu.tech_name=tp.name AND CU.NAME = 'ChnUser' AND JOBREQUEST = 'Y' AND TP.STATUS IN ('ASSIGNED','ACCEPTED','REACHED','PROGRESS')
2015-11-06 23:20:39[DEBUG][CreateRequestModel.java:CreateRequestModel:211]-Name: Tech16, lattitudeTemp: 13.01447, longitudeTemp: 80.20444, status: ASSIGNED
2015-11-06 23:20:39[DEBUG][CreateRequestAction.java:CreateRequestAction:264]-Condition1.1
2015-11-06 23:20:50[INFO ][LogoutAction.java:LogoutAction:26]-param: logout
2015-11-06 23:20:50[INFO ][LogoutAction.java:LogoutAction:39]-Invalidating the session
2015-11-06 23:20:50[INFO ][LogoutAction.java:LogoutAction:42]-Redirecting the request to login page
